<?xml version="1.0" encoding="UTF-8"?>
<!-- Generated by org.testng.reporters.JUnitReportReporter -->
<testsuite hostname="VrushaliP" failures="0" tests="4"
	name="testRunnerr.exldataGETTest" time="29.216" errors="0"
	timestamp="2023-12-16T21:03:29 IST" skipped="1">
	<testcase classname="testRunnerr.exldataGETTest" name="runExl" time="9.426" />
	<system-out />
	<testcase classname="testRunnerr.exldataGETTest" name="runExl" time="10.360" />
	<system-out />
	<testcase classname="testRunnerr.exldataGETTest" name="runExl" time="9.430" />
	<system-out />
	<testcase classname="testRunnerr.exldataGETTest" name="quitBrowser">
		<skipped />
	</testcase> <!-- quitBrowser -->
	<system-out />
</testsuite> <!-- testRunnerr.exldataGETTest -->
